<?xml version="1.0" encoding="UTF-8"?>
<testsuite name="SolutionTest" tests="2" skipped="0" failures="0" errors="0" timestamp="2022-07-04T13:12:12" hostname="yuanyu-ubuntu" time="0.034">
  <properties/>
  <testcase name="uniquePathsExamples1()" classname="SolutionTest" time="0.032"/>
  <testcase name="uniquePathsExamples2()" classname="SolutionTest" time="0.001"/>
  <system-out><![CDATA[]]></system-out>
  <system-err><![CDATA[]]></system-err>
</testsuite>
